<?xml version="1.0" encoding="UTF-8"?>
<testsuite xmlns:xsi="http://www.w3.org/2001/XMLSchema-instance" xsi:noNamespaceSchemaLocation="https://maven.apache.org/surefire/maven-surefire-plugin/xsd/surefire-test-report.xsd" name="TestBaccaratDealer" time="0.053" tests="5" errors="0" skipped="0" failures="0">
  <properties>
[...]
</properties>
  <testcase name="testGenerateDeck" classname="TestBaccaratDealer" time="0.032"/>
  <testcase name="testShuffleDeck" classname="TestBaccaratDealer" time="0.002"/>
  <testcase name="testDealHand" classname="TestBaccaratDealer" time="0.001"/>
  <testcase name="testDeckSize" classname="TestBaccaratDealer" time="0.001"/>
  <testcase name="testDrawOne" classname="TestBaccaratDealer" time="0.001"/>
</testsuite>